Assembler report for DE1_SOC_D8M_SDRAM
Thu Jun 01 18:03:39 2017
Quartus II 64-Bit Version 15.0.2 Build 153 07/15/2015 SJ Full Version


---------------------
; Table of Contents ;
---------------------
  1. Legal Notice
  2. Assembler Summary
  3. Assembler Settings
  4. Assembler Encrypted IP Cores Summary
  5. Assembler Generated Files
  6. Assembler Device Options: C:/altera/15.0/Projects/DE1_SOC_D8M_VIP_HPS_MIX/output_files/DE1_SOC_D8M_SDRAM_time_limited.sof
  7. Assembler Messages



----------------
; Legal Notice ;
----------------
Copyright (C) 1991-2015 Altera Corporation. All rights reserved.
Your use of Altera Corporation's design tools, logic functions 
and other software and tools, and its AMPP partner logic 
functions, and any output files from any of the foregoing 
(including device programming or simulation files), and any 
associated documentation or information are expressly subject 
to the terms and conditions of the Altera Program License 
Subscription Agreement, the Altera Quartus II License Agreement,
the Altera MegaCore Function License Agreement, or other 
applicable license agreement, including, without limitation, 
that your use is for the sole purpose of programming logic 
devices manufactured by Altera and sold by Altera or its 
authorized distributors.  Please refer to the applicable 
agreement for further details.



+---------------------------------------------------------------+
; Assembler Summary                                             ;
+-----------------------+---------------------------------------+
; Assembler Status      ; Successful - Thu Jun 01 18:03:39 2017 ;
; Revision Name         ; DE1_SOC_D8M_SDRAM                     ;
; Top-level Entity Name ; DE1_SOC_D8M_SDRAM                     ;
; Family                ; Cyclone V                             ;
; Device                ; 5CSEMA5F31C6                          ;
+-----------------------+---------------------------------------+


+----------------------------------+
; Assembler Settings               ;
+--------+---------+---------------+
; Option ; Setting ; Default Value ;
+--------+---------+---------------+


+--------------------------------------------------------------+
; Assembler Encrypted IP Cores Summary                         ;
+--------+-------------------------------------+---------------+
; Vendor ; IP Core Name                        ; License Type  ;
+--------+-------------------------------------+---------------+
; Altera ; "Alpha Blending Mixer" (6AF7 00B5)  ; OpenCore Plus ;
; Altera ; "Frame Buffer" (6AF7 00C3)          ; OpenCore Plus ;
; Altera ; "Color Plane Sequencer" (6AF7 00C9) ; OpenCore Plus ;
; Altera ; Signal Tap (6AF7 BCE1)              ; Licensed      ;
; Altera ; Signal Tap (6AF7 BCEC)              ; Licensed      ;
+--------+-------------------------------------+---------------+


+-------------------------------------------------------------------------------------------------+
; Assembler Generated Files                                                                       ;
+-------------------------------------------------------------------------------------------------+
; File Name                                                                                       ;
+-------------------------------------------------------------------------------------------------+
; C:/altera/15.0/Projects/DE1_SOC_D8M_VIP_HPS_MIX/output_files/DE1_SOC_D8M_SDRAM_time_limited.sof ;
+-------------------------------------------------------------------------------------------------+


+---------------------------------------------------------------------------------------------------------------------------+
; Assembler Device Options: C:/altera/15.0/Projects/DE1_SOC_D8M_VIP_HPS_MIX/output_files/DE1_SOC_D8M_SDRAM_time_limited.sof ;
+----------------+----------------------------------------------------------------------------------------------------------+
; Option         ; Setting                                                                                                  ;
+----------------+----------------------------------------------------------------------------------------------------------+
; Device         ; 5CSEMA5F31C6                                                                                             ;
; JTAG usercode  ; 0x02310784                                                                                               ;
; Checksum       ; 0x02310784                                                                                               ;
+----------------+----------------------------------------------------------------------------------------------------------+


+--------------------+
; Assembler Messages ;
+--------------------+
Info: *******************************************************************
Info: Running Quartus II 64-Bit Assembler
    Info: Version 15.0.2 Build 153 07/15/2015 SJ Full Version
    Info: Processing started: Thu Jun 01 18:02:17 2017
Info: Command: quartus_asm --read_settings_files=off --write_settings_files=off DE1_SOC_D8M_SDRAM -c DE1_SOC_D8M_SDRAM
Info (115030): Assembler is generating device programming files
Info (115017): Design contains a time-limited core -- only a single, time-limited programming file can be generated
Warning (210042): Can't convert time-limited SOF into POF, HEX File, TTF, or RBF
Info (210040): SRAM Object File C:/altera/15.0/Projects/DE1_SOC_D8M_VIP_HPS_MIX/output_files/DE1_SOC_D8M_SDRAM_time_limited.sof contains time-limited megafunction that supports OpenCore Plus feature -- Vendor: 0x6AF7, Product: 0x00B5
Info (210040): SRAM Object File C:/altera/15.0/Projects/DE1_SOC_D8M_VIP_HPS_MIX/output_files/DE1_SOC_D8M_SDRAM_time_limited.sof contains time-limited megafunction that supports OpenCore Plus feature -- Vendor: 0x6AF7, Product: 0x00C3
Info (210040): SRAM Object File C:/altera/15.0/Projects/DE1_SOC_D8M_VIP_HPS_MIX/output_files/DE1_SOC_D8M_SDRAM_time_limited.sof contains time-limited megafunction that supports OpenCore Plus feature -- Vendor: 0x6AF7, Product: 0x00C9
Info (11878): Hard Processor Subsystem configuration has not changed and a Preloader software update is not required
Info: Quartus II 64-Bit Assembler was successful. 0 errors, 1 warning
    Info: Peak virtual memory: 913 megabytes
    Info: Processing ended: Thu Jun 01 18:03:40 2017
    Info: Elapsed time: 00:01:23
    Info: Total CPU time (on all processors): 00:00:57


