Flow report for DE1_SOC_D8M_SDRAM
Thu Jun 01 18:07:12 2017
Quartus II 64-Bit Version 15.0.2 Build 153 07/15/2015 SJ Full Version


---------------------
; Table of Contents ;
---------------------
  1. Legal Notice
  2. Flow Summary
  3. Flow Settings
  4. Flow Non-Default Global Settings
  5. Flow Elapsed Time
  6. Flow OS Summary
  7. Flow Log
  8. Flow Messages
  9. Flow Suppressed Messages



----------------
; Legal Notice ;
----------------
Copyright (C) 1991-2015 Altera Corporation. All rights reserved.
Your use of Altera Corporation's design tools, logic functions 
and other software and tools, and its AMPP partner logic 
functions, and any output files from any of the foregoing 
(including device programming or simulation files), and any 
associated documentation or information are expressly subject 
to the terms and conditions of the Altera Program License 
Subscription Agreement, the Altera Quartus II License Agreement,
the Altera MegaCore Function License Agreement, or other 
applicable license agreement, including, without limitation, 
that your use is for the sole purpose of programming logic 
devices manufactured by Altera and sold by Altera or its 
authorized distributors.  Please refer to the applicable 
agreement for further details.



+-------------------------------------------------------------------------------+
; Flow Summary                                                                  ;
+---------------------------------+---------------------------------------------+
; Flow Status                     ; Successful - Thu Jun 01 18:03:39 2017       ;
; Quartus II 64-Bit Version       ; 15.0.2 Build 153 07/15/2015 SJ Full Version ;
; Revision Name                   ; DE1_SOC_D8M_SDRAM                           ;
; Top-level Entity Name           ; DE1_SOC_D8M_SDRAM                           ;
; Family                          ; Cyclone V                                   ;
; Device                          ; 5CSEMA5F31C6                                ;
; Timing Models                   ; Final                                       ;
; Logic utilization (in ALMs)     ; 5,446 / 32,070 ( 17 % )                     ;
; Total registers                 ; 10390                                       ;
; Total pins                      ; 317 / 457 ( 69 % )                          ;
; Total virtual pins              ; 0                                           ;
; Total block memory bits         ; 262,008 / 4,065,280 ( 6 % )                 ;
; Total DSP Blocks                ; 0 / 87 ( 0 % )                              ;
; Total HSSI RX PCSs              ; 0                                           ;
; Total HSSI PMA RX Deserializers ; 0                                           ;
; Total HSSI TX PCSs              ; 0                                           ;
; Total HSSI PMA TX Serializers   ; 0                                           ;
; Total PLLs                      ; 1 / 6 ( 17 % )                              ;
; Total DLLs                      ; 1 / 4 ( 25 % )                              ;
+---------------------------------+---------------------------------------------+


+-----------------------------------------+
; Flow Settings                           ;
+-------------------+---------------------+
; Option            ; Setting             ;
+-------------------+---------------------+
; Start date & time ; 06/01/2017 17:39:27 ;
; Main task         ; Compilation         ;
; Revision Name     ; DE1_SOC_D8M_SDRAM   ;
+-------------------+---------------------+


+------------------------------------------------------------------------------------------------------------------------------------------------------------------+
; Flow Non-Default Global Settings                                                                                                                                 ;
+-------------------------------------+--------------------------------------------------------------------+---------------+--------------------------+------------+
; Assignment Name                     ; Value                                                              ; Default Value ; Entity Name              ; Section Id ;
+-------------------------------------+--------------------------------------------------------------------+---------------+--------------------------+------------+
; COMPILER_SIGNATURE_ID               ; 1096280541296.149632795005112                                      ; --            ; --                       ; --         ;
; ENABLE_SIGNALTAP                    ; Off                                                                ; --            ; --                       ; --         ;
; HPS_ISW_FILE                        ; Qsys/synthesis/submodules/sequencer/alt_types.pre.h                ; --            ; Qsys_hps_0_hps_io_border ; --         ;
; HPS_ISW_FILE                        ; Qsys/synthesis/submodules/sequencer/emif.pre.xml                   ; --            ; Qsys_hps_0_hps_io_border ; --         ;
; HPS_ISW_FILE                        ; Qsys/synthesis/submodules/sequencer/sdram_io.pre.h                 ; --            ; Qsys_hps_0_hps_io_border ; --         ;
; HPS_ISW_FILE                        ; Qsys/synthesis/submodules/sequencer/sequencer.pre.c                ; --            ; Qsys_hps_0_hps_io_border ; --         ;
; HPS_ISW_FILE                        ; Qsys/synthesis/submodules/sequencer/sequencer.pre.h                ; --            ; Qsys_hps_0_hps_io_border ; --         ;
; HPS_ISW_FILE                        ; Qsys/synthesis/submodules/sequencer/sequencer_auto.pre.h           ; --            ; Qsys_hps_0_hps_io_border ; --         ;
; HPS_ISW_FILE                        ; Qsys/synthesis/submodules/sequencer/sequencer_auto_ac_init.pre.c   ; --            ; Qsys_hps_0_hps_io_border ; --         ;
; HPS_ISW_FILE                        ; Qsys/synthesis/submodules/sequencer/sequencer_auto_inst_init.pre.c ; --            ; Qsys_hps_0_hps_io_border ; --         ;
; HPS_ISW_FILE                        ; Qsys/synthesis/submodules/sequencer/sequencer_defines.pre.h        ; --            ; Qsys_hps_0_hps_io_border ; --         ;
; HPS_ISW_FILE                        ; Qsys/synthesis/submodules/sequencer/system.pre.h                   ; --            ; Qsys_hps_0_hps_io_border ; --         ;
; HPS_ISW_FILE                        ; Qsys/synthesis/submodules/sequencer/tclrpt.pre.c                   ; --            ; Qsys_hps_0_hps_io_border ; --         ;
; HPS_ISW_FILE                        ; Qsys/synthesis/submodules/sequencer/tclrpt.pre.h                   ; --            ; Qsys_hps_0_hps_io_border ; --         ;
; HPS_ISW_FILE                        ; Qsys/synthesis/submodules/hps.pre.xml                              ; --            ; Qsys_hps_0_hps_io_border ; --         ;
; HPS_PARTITION                       ; On                                                                 ; --            ; Qsys_hps_0_hps_io_border ; --         ;
; MAX_CORE_JUNCTION_TEMP              ; 85                                                                 ; --            ; --                       ; --         ;
; MIN_CORE_JUNCTION_TEMP              ; 0                                                                  ; --            ; --                       ; --         ;
; MISC_FILE                           ; Qsys/synthesis/../Qsys.cmp                                         ; --            ; --                       ; --         ;
; MISC_FILE                           ; Qsys/synthesis/../../output_files/C                                ; --            ; --                       ; --         ;
; MISC_FILE                           ; Qsys/synthesis/Qsys_hps_0_hps.svd                                  ; --            ; --                       ; --         ;
; MISC_FILE                           ; Qsys/synthesis/../../Qsys.qsys                                     ; --            ; --                       ; --         ;
; MISC_FILE                           ; Qsys/synthesis/submodules/sequencer/alt_types.pre.h                ; --            ; --                       ; --         ;
; MISC_FILE                           ; Qsys/synthesis/submodules/sequencer/emif.pre.xml                   ; --            ; --                       ; --         ;
; MISC_FILE                           ; Qsys/synthesis/submodules/sequencer/sdram_io.pre.h                 ; --            ; --                       ; --         ;
; MISC_FILE                           ; Qsys/synthesis/submodules/sequencer/sequencer.pre.c                ; --            ; --                       ; --         ;
; MISC_FILE                           ; Qsys/synthesis/submodules/sequencer/sequencer.pre.h                ; --            ; --                       ; --         ;
; MISC_FILE                           ; Qsys/synthesis/submodules/sequencer/sequencer_auto.pre.h           ; --            ; --                       ; --         ;
; MISC_FILE                           ; Qsys/synthesis/submodules/sequencer/sequencer_auto_ac_init.pre.c   ; --            ; --                       ; --         ;
; MISC_FILE                           ; Qsys/synthesis/submodules/sequencer/sequencer_auto_inst_init.pre.c ; --            ; --                       ; --         ;
; MISC_FILE                           ; Qsys/synthesis/submodules/sequencer/sequencer_defines.pre.h        ; --            ; --                       ; --         ;
; MISC_FILE                           ; Qsys/synthesis/submodules/sequencer/system.pre.h                   ; --            ; --                       ; --         ;
; MISC_FILE                           ; Qsys/synthesis/submodules/sequencer/tclrpt.pre.c                   ; --            ; --                       ; --         ;
; MISC_FILE                           ; Qsys/synthesis/submodules/sequencer/tclrpt.pre.h                   ; --            ; --                       ; --         ;
; MISC_FILE                           ; Qsys/synthesis/submodules/hps.pre.xml                              ; --            ; --                       ; --         ;
; OUTPUT_IO_TIMING_FAR_END_VMEAS      ; Half Signal Swing                                                  ; --            ; --                       ; --         ;
; OUTPUT_IO_TIMING_FAR_END_VMEAS      ; Half Signal Swing                                                  ; --            ; --                       ; --         ;
; OUTPUT_IO_TIMING_NEAR_END_VMEAS     ; Half Vccio                                                         ; --            ; --                       ; --         ;
; OUTPUT_IO_TIMING_NEAR_END_VMEAS     ; Half Vccio                                                         ; --            ; --                       ; --         ;
; PARTITION_COLOR                     ; 16764057                                                           ; --            ; --                       ; Top        ;
; PARTITION_FITTER_PRESERVATION_LEVEL ; PLACEMENT_AND_ROUTING                                              ; --            ; --                       ; Top        ;
; PARTITION_NETLIST_TYPE              ; SOURCE                                                             ; --            ; --                       ; Top        ;
; POWER_BOARD_THERMAL_MODEL           ; None (CONSERVATIVE)                                                ; --            ; --                       ; --         ;
; POWER_PRESET_COOLING_SOLUTION       ; 23 MM HEAT SINK WITH 200 LFPM AIRFLOW                              ; --            ; --                       ; --         ;
; PROJECT_OUTPUT_DIRECTORY            ; output_files                                                       ; --            ; --                       ; --         ;
; SLD_FILE                            ; Qsys/synthesis/Qsys.regmap                                         ; --            ; --                       ; --         ;
; SLD_FILE                            ; Qsys/synthesis/Qsys.debuginfo                                      ; --            ; --                       ; --         ;
; SLD_INFO                            ; QSYS_NAME Qsys HAS_SOPCINFO 1 GENERATION_ID 1496327636             ; --            ; Qsys                     ; --         ;
; SOPCINFO_FILE                       ; Qsys/synthesis/../../Qsys.sopcinfo                                 ; --            ; --                       ; --         ;
; SYNTHESIS_ONLY_QIP                  ; On                                                                 ; --            ; --                       ; --         ;
; USE_SIGNALTAP_FILE                  ; stp1.stp                                                           ; --            ; --                       ; --         ;
+-------------------------------------+--------------------------------------------------------------------+---------------+--------------------------+------------+


+-------------------------------------------------------------------------------------------------------------------------------+
; Flow Elapsed Time                                                                                                             ;
+---------------------------+--------------+-------------------------+---------------------+------------------------------------+
; Module Name               ; Elapsed Time ; Average Processors Used ; Peak Virtual Memory ; Total CPU Time (on all processors) ;
+---------------------------+--------------+-------------------------+---------------------+------------------------------------+
; Analysis & Synthesis      ; 00:05:16     ; 1.3                     ; 1323 MB             ; 00:06:12                           ;
; Fitter                    ; 00:12:05     ; 1.3                     ; 3740 MB             ; 00:14:50                           ;
; Assembler                 ; 00:01:22     ; 1.0                     ; 913 MB              ; 00:00:56                           ;
; TimeQuest Timing Analyzer ; 00:03:28     ; 1.3                     ; 2078 MB             ; 00:04:00                           ;
; Total                     ; 00:22:11     ; --                      ; --                  ; 00:25:58                           ;
+---------------------------+--------------+-------------------------+---------------------+------------------------------------+


+----------------------------------------------------------------------------------------+
; Flow OS Summary                                                                        ;
+---------------------------+------------------+-----------+------------+----------------+
; Module Name               ; Machine Hostname ; OS Name   ; OS Version ; Processor type ;
+---------------------------+------------------+-----------+------------+----------------+
; Analysis & Synthesis      ; Philip-PC        ; Windows 7 ; 6.1        ; x86_64         ;
; Fitter                    ; Philip-PC        ; Windows 7 ; 6.1        ; x86_64         ;
; Assembler                 ; Philip-PC        ; Windows 7 ; 6.1        ; x86_64         ;
; TimeQuest Timing Analyzer ; Philip-PC        ; Windows 7 ; 6.1        ; x86_64         ;
+---------------------------+------------------+-----------+------------+----------------+


------------
; Flow Log ;
------------
quartus_map --read_settings_files=on --write_settings_files=off DE1_SOC_D8M_SDRAM -c DE1_SOC_D8M_SDRAM
quartus_fit --read_settings_files=off --write_settings_files=off DE1_SOC_D8M_SDRAM -c DE1_SOC_D8M_SDRAM
quartus_asm --read_settings_files=off --write_settings_files=off DE1_SOC_D8M_SDRAM -c DE1_SOC_D8M_SDRAM
quartus_sta DE1_SOC_D8M_SDRAM -c DE1_SOC_D8M_SDRAM



